<?xml version="1.0" encoding="UTF-8"?>
<!-- Generated by org.testng.reporters.JUnitXMLReporter -->
<testsuite ignored="0" hostname="GDL-L-12482" failures="0" tests="6" name="Command line test" time="0.083" errors="0" timestamp="2021-06-05T17:27:36 EDT">
  <testcase classname="qaclickacademy.MavenJava.AppiumTest" name="NativeAppAndroid" time="0.011"/>
  <testcase classname="qaclickacademy.MavenJava.AppiumTest" name="iOSApps" time="0.0"/>
  <testcase classname="qaclickacademy.MavenJava.RESTAPITest" name="DeleteTwitter" time="0.003"/>
  <testcase classname="qaclickacademy.MavenJava.RESTAPITest" name="PostJira" time="0.0"/>
  <testcase classname="qaclickacademy.MavenJava.SeleniumTest" name="BrowserAutomation" time="0.0"/>
  <testcase classname="qaclickacademy.MavenJava.SeleniumTest" name="ElementUI" time="0.0"/>
</testsuite> <!-- Command line test -->
