<?xml version="1.0" encoding="UTF-8"?>
<!-- Generated by org.testng.reporters.JUnitXMLReporter -->
<testsuite ignored="0" hostname="GDL-L-12482" failures="0" tests="4" name="Test" time="0.052" errors="0" timestamp="2021-06-05T17:30:53 EDT">
  <testcase classname="qaclickacademy.MavenJava.RESTAPITest" name="DeleteTwitter" time="0.004"/>
  <testcase classname="qaclickacademy.MavenJava.RESTAPITest" name="PostJira" time="0.0"/>
  <testcase classname="qaclickacademy.MavenJava.SeleniumTest" name="BrowserAutomation" time="0.0"/>
  <testcase classname="qaclickacademy.MavenJava.SeleniumTest" name="ElementUI" time="0.0"/>
</testsuite> <!-- Test -->
