<?xml version="1.0" encoding="UTF-8"?>
<testng-results ignored="0" total="4" passed="4" failed="0" skipped="0">
  <reporter-output>
  </reporter-output>
  <suite started-at="2021-06-05T17:30:53 EDT" name="Suite" finished-at="2021-06-05T17:30:53 EDT" duration-ms="52">
    <groups>
    </groups>
    <test started-at="2021-06-05T17:30:53 EDT" name="Test" finished-at="2021-06-05T17:30:53 EDT" duration-ms="52">
      <class name="qaclickacademy.MavenJava.RESTAPITest">
        <test-method signature="DeleteTwitter()[pri:0, instance:qaclickacademy.MavenJava.RESTAPITest@672872e1]" started-at="2021-06-05T17:30:53 EDT" name="DeleteTwitter" finished-at="2021-06-05T17:30:53 EDT" duration-ms="4" status="PASS">
          <reporter-output>
          </reporter-output>
        </test-method> <!-- DeleteTwitter -->
        <test-method signature="PostJira()[pri:0, instance:qaclickacademy.MavenJava.RESTAPITest@672872e1]" started-at="2021-06-05T17:30:53 EDT" name="PostJira" finished-at="2021-06-05T17:30:53 EDT" duration-ms="0" status="PASS">
          <reporter-output>
          </reporter-output>
        </test-method> <!-- PostJira -->
      </class> <!-- qaclickacademy.MavenJava.RESTAPITest -->
      <class name="qaclickacademy.MavenJava.SeleniumTest">
        <test-method signature="BrowserAutomation()[pri:0, instance:qaclickacademy.MavenJava.SeleniumTest@3943a2be]" started-at="2021-06-05T17:30:53 EDT" name="BrowserAutomation" finished-at="2021-06-05T17:30:53 EDT" duration-ms="0" status="PASS">
          <reporter-output>
          </reporter-output>
        </test-method> <!-- BrowserAutomation -->
        <test-method signature="ElementUI()[pri:0, instance:qaclickacademy.MavenJava.SeleniumTest@3943a2be]" started-at="2021-06-05T17:30:53 EDT" name="ElementUI" finished-at="2021-06-05T17:30:53 EDT" duration-ms="0" status="PASS">
          <reporter-output>
          </reporter-output>
        </test-method> <!-- ElementUI -->
      </class> <!-- qaclickacademy.MavenJava.SeleniumTest -->
    </test> <!-- Test -->
  </suite> <!-- Suite -->
</testng-results>
