<?xml version="1.0" encoding="UTF-8"?>
<testsuite xmlns:xsi="http://www.w3.org/2001/XMLSchema-instance" xsi:noNamespaceSchemaLocation="https://maven.apache.org/surefire/maven-surefire-plugin/xsd/surefire-test-report-3.0.xsd" version="3.0" name="TestSuite" time="1.133" tests="4" errors="0" skipped="0" failures="0">
  <properties>
[...]
</properties>
  <testcase name="DeleteTwitter" classname="qaclickacademy.MavenJava.RESTAPITest" time="0.007">
    <system-out><![CDATA[DeleteTwitter
]]></system-out>
  </testcase>
  <testcase name="PostJira" classname="qaclickacademy.MavenJava.RESTAPITest" time="0.001">
    <system-out><![CDATA[PostJira
]]></system-out>
  </testcase>
  <testcase name="BrowserAutomation" classname="qaclickacademy.MavenJava.SeleniumTest" time="0.002">
    <system-out><![CDATA[BrowserAutomation
]]></system-out>
  </testcase>
  <testcase name="ElementUI" classname="qaclickacademy.MavenJava.SeleniumTest" time="0.001">
    <system-out><![CDATA[ElementUI
]]></system-out>
  </testcase>
</testsuite>